<?xml version="1.0" encoding="UTF-8"?>
<!-- Generated by org.testng.reporters.JUnitReportReporter -->
<testsuite skipped="0" hostname="LAPTOP-DPHUNK0U" name="DWS_Maven_Reg_Login.SelectDWStest" tests="1" failures="0" timestamp="10 Dec 2021 04:25:16 GMT" time="5.401" errors="0">
  <testcase name="Tc03" time="5.401" classname="DWS_Maven_Reg_Login.SelectDWStest"/>
</testsuite> <!-- DWS_Maven_Reg_Login.SelectDWStest -->
