<?xml version="1.0" encoding="UTF-8"?>
<!-- Generated by org.testng.reporters.JUnitReportReporter -->
<testsuite skipped="0" hostname="LAPTOP-DPHUNK0U" name="DWS_Maven_Reg_Login.RegisterDWStest" tests="1" failures="0" timestamp="09 Dec 2021 11:16:34 GMT" time="5.700" errors="0">
  <testcase name="Tc01_Reg" time="5.700" classname="DWS_Maven_Reg_Login.RegisterDWStest"/>
</testsuite> <!-- DWS_Maven_Reg_Login.RegisterDWStest -->
