<?xml version="1.0" encoding="UTF-8"?>
<!-- Generated by org.testng.reporters.JUnitReportReporter -->
<testsuite skipped="0" hostname="LAPTOP-DPHUNK0U" name="DWS_Maven_Reg_Login.LoginDWStest" tests="1" failures="0" timestamp="10 Dec 2021 04:24:37 GMT" time="3.897" errors="0">
  <testcase name="Tc02" time="3.897" classname="DWS_Maven_Reg_Login.LoginDWStest"/>
</testsuite> <!-- DWS_Maven_Reg_Login.LoginDWStest -->
