<?xml version="1.0" encoding="UTF-8"?>
<!-- Generated by org.testng.reporters.JUnitReportReporter -->
<testsuite skipped="0" hostname="LAPTOP-DPHUNK0U" name="Test.Maven_Project_1.TC01Test" tests="2" failures="0" timestamp="09 Dec 2021 09:47:02 GMT" time="0.031" errors="0">
  <testcase name="cool" time="0.006" classname="Test.Maven_Project_1.TC01Test"/>
  <testcase name="chill" time="0.025" classname="Test.Maven_Project_1.TC01Test"/>
</testsuite> <!-- Test.Maven_Project_1.TC01Test -->
